{"/home/foxy/work/game-store/backend/src/app.ts": {"path":"/home/foxy/work/game-store/backend/src/app.ts","statementMap":{"0":{"start":{"line":1,"column":0},"end":{"line":1,"column":30}},"1":{"start":{"line":2,"column":0},"end":{"line":2,"column":24}},"2":{"start":{"line":3,"column":0},"end":{"line":3,"column":28}},"3":{"start":{"line":4,"column":0},"end":{"line":4,"column":24}},"4":{"start":{"line":5,"column":0},"end":{"line":5,"column":20}},"5":{"start":{"line":6,"column":0},"end":{"line":6,"column":39}},"6":{"start":{"line":7,"column":0},"end":{"line":7,"column":41}},"7":{"start":{"line":8,"column":0},"end":{"line":8,"column":41}},"8":{"start":{"line":9,"column":0},"end":{"line":9,"column":43}},"9":{"start":{"line":10,"column":0},"end":{"line":10,"column":41}},"10":{"start":{"line":12,"column":0},"end":{"line":12,"column":16}},"11":{"start":{"line":14,"column":12},"end":{"line":14,"column":21}},"12":{"start":{"line":17,"column":19},"end":{"line":17,"column":54}},"13":{"start":{"line":18,"column":0},"end":{"line":20,"column":1}},"14":{"start":{"line":19,"column":2},"end":{"line":19,"column":48}},"15":{"start":{"line":22,"column":0},"end":{"line":27,"column":2}},"16":{"start":{"line":28,"column":0},"end":{"line":28,"column":24}},"17":{"start":{"line":31,"column":0},"end":{"line":31,"column":52}},"18":{"start":{"line":34,"column":0},"end":{"line":34,"column":33}},"19":{"start":{"line":35,"column":0},"end":{"line":35,"column":35}},"20":{"start":{"line":36,"column":0},"end":{"line":36,"column":35}},"21":{"start":{"line":37,"column":0},"end":{"line":37,"column":37}},"22":{"start":{"line":38,"column":0},"end":{"line":38,"column":35}},"23":{"start":{"line":41,"column":0},"end":{"line":43,"column":3}},"24":{"start":{"line":42,"column":2},"end":{"line":42,"column":29}},"25":{"start":{"line":46,"column":0},"end":{"line":48,"column":3}},"26":{"start":{"line":47,"column":2},"end":{"line":47,"column":47}},"27":{"start":{"line":51,"column":0},"end":{"line":61,"column":2}},"28":{"start":{"line":58,"column":4},"end":{"line":58,"column":29}},"29":{"start":{"line":59,"column":4},"end":{"line":59,"column":61}},"30":{"start":{"line":63,"column":0},"end":{"line":63,"column":19}}},"fnMap":{"0":{"name":"(anonymous_1)","decl":{"start":{"line":41,"column":19},"end":{"line":41,"column":20}},"loc":{"start":{"line":41,"column":33},"end":{"line":43,"column":1}}},"1":{"name":"(anonymous_2)","decl":{"start":{"line":46,"column":8},"end":{"line":46,"column":9}},"loc":{"start":{"line":46,"column":22},"end":{"line":48,"column":1}}},"2":{"name":"(anonymous_3)","decl":{"start":{"line":52,"column":2},"end":{"line":52,"column":null}},"loc":{"start":{"line":57,"column":6},"end":{"line":60,"column":3}}}},"branchMap":{"0":{"loc":{"start":{"line":18,"column":0},"end":{"line":20,"column":1}},"type":"if","locations":[{"start":{"line":18,"column":0},"end":{"line":20,"column":1}}]},"1":{"loc":{"start":{"line":24,"column":12},"end":{"line":24,"column":62}},"type":"binary-expr","locations":[{"start":{"line":24,"column":12},"end":{"line":24,"column":35}},{"start":{"line":24,"column":39},"end":{"line":24,"column":62}}]}},"s":{"0":5,"1":5,"2":5,"3":5,"4":5,"5":5,"6":5,"7":5,"8":5,"9":5,"10":5,"11":5,"12":5,"13":5,"14":0,"15":5,"16":5,"17":5,"18":5,"19":5,"20":5,"21":5,"22":5,"23":5,"24":0,"25":5,"26":0,"27":5,"28":0,"29":0,"30":5},"f":{"0":0,"1":0,"2":0},"b":{"0":[0],"1":[5,5]}}
,"/home/foxy/work/game-store/backend/src/__tests__/helpers.ts": {"path":"/home/foxy/work/game-store/backend/src/__tests__/helpers.ts","statementMap":{"0":{"start":{"line":1,"column":0},"end":{"line":1,"column":31}},"1":{"start":{"line":3,"column":20},"end":{"line":3,"column":37}},"2":{"start":{"line":6,"column":25},"end":{"line":7,"column":62}},"3":{"start":{"line":7,"column":2},"end":{"line":7,"column":62}},"4":{"start":{"line":6,"column":13},"end":{"line":6,"column":25}},"5":{"start":{"line":11,"column":13},"end":{"line":20,"column":2}},"6":{"start":{"line":22,"column":13},"end":{"line":31,"column":2}},"7":{"start":{"line":33,"column":13},"end":{"line":45,"column":2}},"8":{"start":{"line":47,"column":13},"end":{"line":62,"column":2}},"9":{"start":{"line":65,"column":32},"end":{"line":87,"column":2}},"10":{"start":{"line":65,"column":39},"end":{"line":87,"column":2}},"11":{"start":{"line":65,"column":13},"end":{"line":65,"column":32}}},"fnMap":{"0":{"name":"(anonymous_1)","decl":{"start":{"line":6,"column":25},"end":{"line":6,"column":26}},"loc":{"start":{"line":7,"column":2},"end":{"line":7,"column":62}}},"1":{"name":"(anonymous_2)","decl":{"start":{"line":65,"column":32},"end":{"line":65,"column":35}},"loc":{"start":{"line":65,"column":39},"end":{"line":87,"column":2}}}},"branchMap":{"0":{"loc":{"start":{"line":6,"column":42},"end":{"line":6,"column":73}},"type":"default-arg","locations":[{"start":{"line":6,"column":67},"end":{"line":6,"column":73}}]}},"s":{"0":5,"1":5,"2":5,"3":41,"4":5,"5":5,"6":5,"7":5,"8":5,"9":5,"10":0,"11":5},"f":{"0":41,"1":0},"b":{"0":[38]}}
,"/home/foxy/work/game-store/backend/src/middleware/admin.ts": {"path":"/home/foxy/work/game-store/backend/src/middleware/admin.ts","statementMap":{"0":{"start":{"line":3,"column":28},"end":{"line":9,"column":1}},"1":{"start":{"line":4,"column":2},"end":{"line":7,"column":3}},"2":{"start":{"line":5,"column":4},"end":{"line":5,"column":72}},"3":{"start":{"line":6,"column":4},"end":{"line":6,"column":11}},"4":{"start":{"line":8,"column":2},"end":{"line":8,"column":9}},"5":{"start":{"line":3,"column":13},"end":{"line":3,"column":28}}},"fnMap":{"0":{"name":"(anonymous_0)","decl":{"start":{"line":3,"column":28},"end":{"line":3,"column":29}},"loc":{"start":{"line":3,"column":86},"end":{"line":9,"column":1}}}},"branchMap":{"0":{"loc":{"start":{"line":4,"column":2},"end":{"line":7,"column":3}},"type":"if","locations":[{"start":{"line":4,"column":2},"end":{"line":7,"column":3}}]}},"s":{"0":6,"1":56,"2":6,"3":6,"4":50,"5":6},"f":{"0":56},"b":{"0":[6]}}
,"/home/foxy/work/game-store/backend/src/middleware/auth.ts": {"path":"/home/foxy/work/game-store/backend/src/middleware/auth.ts","statementMap":{"0":{"start":{"line":2,"column":0},"end":{"line":2,"column":31}},"1":{"start":{"line":4,"column":28},"end":{"line":29,"column":1}},"2":{"start":{"line":9,"column":21},"end":{"line":9,"column":46}},"3":{"start":{"line":10,"column":2},"end":{"line":13,"column":3}},"4":{"start":{"line":11,"column":4},"end":{"line":11,"column":57}},"5":{"start":{"line":12,"column":4},"end":{"line":12,"column":11}},"6":{"start":{"line":15,"column":16},"end":{"line":15,"column":40}},"7":{"start":{"line":16,"column":17},"end":{"line":16,"column":60}},"8":{"start":{"line":18,"column":2},"end":{"line":28,"column":3}},"9":{"start":{"line":19,"column":20},"end":{"line":19,"column":null}},"10":{"start":{"line":23,"column":4},"end":{"line":23,"column":32}},"11":{"start":{"line":24,"column":4},"end":{"line":24,"column":32}},"12":{"start":{"line":25,"column":4},"end":{"line":25,"column":11}},"13":{"start":{"line":27,"column":4},"end":{"line":27,"column":64}},"14":{"start":{"line":4,"column":13},"end":{"line":4,"column":28}}},"fnMap":{"0":{"name":"(anonymous_1)","decl":{"start":{"line":4,"column":28},"end":{"line":4,"column":null}},"loc":{"start":{"line":8,"column":10},"end":{"line":29,"column":1}}}},"branchMap":{"0":{"loc":{"start":{"line":10,"column":2},"end":{"line":13,"column":3}},"type":"if","locations":[{"start":{"line":10,"column":2},"end":{"line":13,"column":3}}]},"1":{"loc":{"start":{"line":10,"column":6},"end":{"line":10,"column":54}},"type":"binary-expr","locations":[{"start":{"line":10,"column":6},"end":{"line":10,"column":17}},{"start":{"line":10,"column":21},"end":{"line":10,"column":54}}]},"2":{"loc":{"start":{"line":16,"column":17},"end":{"line":16,"column":60}},"type":"binary-expr","locations":[{"start":{"line":16,"column":17},"end":{"line":16,"column":39}},{"start":{"line":16,"column":43},"end":{"line":16,"column":60}}]}},"s":{"0":6,"1":6,"2":109,"3":109,"4":11,"5":11,"6":98,"7":98,"8":98,"9":98,"10":93,"11":93,"12":93,"13":5,"14":6},"f":{"0":109},"b":{"0":[11],"1":[109,99],"2":[98,98]}}
,"/home/foxy/work/game-store/backend/src/routes/admin.ts": {"path":"/home/foxy/work/game-store/backend/src/routes/admin.ts","statementMap":{"0":{"start":{"line":1,"column":0},"end":{"line":1,"column":52}},"1":{"start":{"line":2,"column":0},"end":{"line":2,"column":30}},"2":{"start":{"line":3,"column":0},"end":{"line":3,"column":38}},"3":{"start":{"line":4,"column":0},"end":{"line":4,"column":50}},"4":{"start":{"line":5,"column":0},"end":{"line":5,"column":51}},"5":{"start":{"line":7,"column":15},"end":{"line":7,"column":23}},"6":{"start":{"line":8,"column":0},"end":{"line":8,"column":39}},"7":{"start":{"line":13,"column":0},"end":{"line":24,"column":3}},"8":{"start":{"line":14,"column":2},"end":{"line":23,"column":3}},"9":{"start":{"line":15,"column":18},"end":{"line":18,"column":6}},"10":{"start":{"line":19,"column":4},"end":{"line":19,"column":20}},"11":{"start":{"line":21,"column":4},"end":{"line":21,"column":25}},"12":{"start":{"line":22,"column":4},"end":{"line":22,"column":61}},"13":{"start":{"line":27,"column":0},"end":{"line":55,"column":3}},"14":{"start":{"line":28,"column":2},"end":{"line":54,"column":3}},"15":{"start":{"line":29,"column":48},"end":{"line":29,"column":null}},"16":{"start":{"line":32,"column":4},"end":{"line":35,"column":5}},"17":{"start":{"line":33,"column":6},"end":{"line":33,"column":83}},"18":{"start":{"line":34,"column":6},"end":{"line":34,"column":13}},"19":{"start":{"line":36,"column":19},"end":{"line":36,"column":50}},"20":{"start":{"line":37,"column":17},"end":{"line":45,"column":6}},"21":{"start":{"line":46,"column":4},"end":{"line":46,"column":31}},"22":{"start":{"line":48,"column":4},"end":{"line":51,"column":5}},"23":{"start":{"line":49,"column":6},"end":{"line":49,"column":74}},"24":{"start":{"line":50,"column":6},"end":{"line":50,"column":13}},"25":{"start":{"line":52,"column":4},"end":{"line":52,"column":25}},"26":{"start":{"line":53,"column":4},"end":{"line":53,"column":61}},"27":{"start":{"line":58,"column":0},"end":{"line":83,"column":3}},"28":{"start":{"line":59,"column":2},"end":{"line":82,"column":3}},"29":{"start":{"line":60,"column":15},"end":{"line":60,"column":53}},"30":{"start":{"line":61,"column":38},"end":{"line":61,"column":null}},"31":{"start":{"line":64,"column":42},"end":{"line":64,"column":44}},"32":{"start":{"line":65,"column":4},"end":{"line":65,"column":60}},"33":{"start":{"line":65,"column":32},"end":{"line":65,"column":60}},"34":{"start":{"line":66,"column":4},"end":{"line":66,"column":51}},"35":{"start":{"line":66,"column":29},"end":{"line":66,"column":51}},"36":{"start":{"line":67,"column":4},"end":{"line":67,"column":65}},"37":{"start":{"line":67,"column":45},"end":{"line":67,"column":65}},"38":{"start":{"line":69,"column":17},"end":{"line":73,"column":6}},"39":{"start":{"line":74,"column":4},"end":{"line":74,"column":19}},"40":{"start":{"line":76,"column":4},"end":{"line":79,"column":5}},"41":{"start":{"line":77,"column":6},"end":{"line":77,"column":73}},"42":{"start":{"line":78,"column":6},"end":{"line":78,"column":13}},"43":{"start":{"line":80,"column":4},"end":{"line":80,"column":25}},"44":{"start":{"line":81,"column":4},"end":{"line":81,"column":61}},"45":{"start":{"line":86,"column":0},"end":{"line":100,"column":3}},"46":{"start":{"line":87,"column":2},"end":{"line":99,"column":3}},"47":{"start":{"line":88,"column":15},"end":{"line":88,"column":53}},"48":{"start":{"line":90,"column":4},"end":{"line":93,"column":5}},"49":{"start":{"line":91,"column":6},"end":{"line":91,"column":72}},"50":{"start":{"line":92,"column":6},"end":{"line":92,"column":13}},"51":{"start":{"line":94,"column":4},"end":{"line":94,"column":48}},"52":{"start":{"line":95,"column":4},"end":{"line":95,"column":32}},"53":{"start":{"line":97,"column":4},"end":{"line":97,"column":25}},"54":{"start":{"line":98,"column":4},"end":{"line":98,"column":61}},"55":{"start":{"line":105,"column":0},"end":{"line":113,"column":3}},"56":{"start":{"line":106,"column":2},"end":{"line":112,"column":3}},"57":{"start":{"line":107,"column":18},"end":{"line":107,"column":72}},"58":{"start":{"line":108,"column":4},"end":{"line":108,"column":20}},"59":{"start":{"line":110,"column":4},"end":{"line":110,"column":25}},"60":{"start":{"line":111,"column":4},"end":{"line":111,"column":61}},"61":{"start":{"line":116,"column":0},"end":{"line":134,"column":3}},"62":{"start":{"line":117,"column":2},"end":{"line":133,"column":3}},"63":{"start":{"line":118,"column":88},"end":{"line":118,"column":null}},"64":{"start":{"line":122,"column":4},"end":{"line":125,"column":5}},"65":{"start":{"line":123,"column":6},"end":{"line":123,"column":65}},"66":{"start":{"line":124,"column":6},"end":{"line":124,"column":13}},"67":{"start":{"line":126,"column":17},"end":{"line":128,"column":6}},"68":{"start":{"line":129,"column":4},"end":{"line":129,"column":31}},"69":{"start":{"line":131,"column":4},"end":{"line":131,"column":25}},"70":{"start":{"line":132,"column":4},"end":{"line":132,"column":61}},"71":{"start":{"line":137,"column":0},"end":{"line":160,"column":3}},"72":{"start":{"line":138,"column":2},"end":{"line":159,"column":3}},"73":{"start":{"line":139,"column":15},"end":{"line":139,"column":53}},"74":{"start":{"line":140,"column":88},"end":{"line":140,"column":null}},"75":{"start":{"line":144,"column":42},"end":{"line":144,"column":44}},"76":{"start":{"line":145,"column":4},"end":{"line":145,"column":51}},"77":{"start":{"line":145,"column":29},"end":{"line":145,"column":51}},"78":{"start":{"line":146,"column":4},"end":{"line":146,"column":51}},"79":{"start":{"line":146,"column":29},"end":{"line":146,"column":51}},"80":{"start":{"line":147,"column":4},"end":{"line":147,"column":59}},"81":{"start":{"line":147,"column":29},"end":{"line":147,"column":59}},"82":{"start":{"line":148,"column":4},"end":{"line":148,"column":62}},"83":{"start":{"line":148,"column":30},"end":{"line":148,"column":62}},"84":{"start":{"line":149,"column":4},"end":{"line":149,"column":69}},"85":{"start":{"line":149,"column":35},"end":{"line":149,"column":69}},"86":{"start":{"line":150,"column":4},"end":{"line":150,"column":51}},"87":{"start":{"line":150,"column":29},"end":{"line":150,"column":51}},"88":{"start":{"line":151,"column":4},"end":{"line":151,"column":69}},"89":{"start":{"line":151,"column":35},"end":{"line":151,"column":69}},"90":{"start":{"line":152,"column":4},"end":{"line":152,"column":63}},"91":{"start":{"line":152,"column":33},"end":{"line":152,"column":63}},"92":{"start":{"line":154,"column":17},"end":{"line":154,"column":66}},"93":{"start":{"line":155,"column":4},"end":{"line":155,"column":19}},"94":{"start":{"line":157,"column":4},"end":{"line":157,"column":25}},"95":{"start":{"line":158,"column":4},"end":{"line":158,"column":61}},"96":{"start":{"line":163,"column":0},"end":{"line":172,"column":3}},"97":{"start":{"line":164,"column":2},"end":{"line":171,"column":3}},"98":{"start":{"line":165,"column":15},"end":{"line":165,"column":53}},"99":{"start":{"line":166,"column":4},"end":{"line":166,"column":48}},"100":{"start":{"line":167,"column":4},"end":{"line":167,"column":32}},"101":{"start":{"line":169,"column":4},"end":{"line":169,"column":25}},"102":{"start":{"line":170,"column":4},"end":{"line":170,"column":61}},"103":{"start":{"line":174,"column":0},"end":{"line":174,"column":22}}},"fnMap":{"0":{"name":"(anonymous_1)","decl":{"start":{"line":13,"column":21},"end":{"line":13,"column":26}},"loc":{"start":{"line":13,"column":60},"end":{"line":24,"column":1}}},"1":{"name":"(anonymous_2)","decl":{"start":{"line":27,"column":22},"end":{"line":27,"column":27}},"loc":{"start":{"line":27,"column":60},"end":{"line":55,"column":1}}},"2":{"name":"(anonymous_3)","decl":{"start":{"line":58,"column":25},"end":{"line":58,"column":30}},"loc":{"start":{"line":58,"column":63},"end":{"line":83,"column":1}}},"3":{"name":"(anonymous_4)","decl":{"start":{"line":86,"column":28},"end":{"line":86,"column":33}},"loc":{"start":{"line":86,"column":66},"end":{"line":100,"column":1}}},"4":{"name":"(anonymous_5)","decl":{"start":{"line":105,"column":21},"end":{"line":105,"column":26}},"loc":{"start":{"line":105,"column":60},"end":{"line":113,"column":1}}},"5":{"name":"(anonymous_6)","decl":{"start":{"line":116,"column":22},"end":{"line":116,"column":27}},"loc":{"start":{"line":116,"column":60},"end":{"line":134,"column":1}}},"6":{"name":"(anonymous_7)","decl":{"start":{"line":137,"column":25},"end":{"line":137,"column":30}},"loc":{"start":{"line":137,"column":63},"end":{"line":160,"column":1}}},"7":{"name":"(anonymous_8)","decl":{"start":{"line":163,"column":28},"end":{"line":163,"column":33}},"loc":{"start":{"line":163,"column":66},"end":{"line":172,"column":1}}}},"branchMap":{"0":{"loc":{"start":{"line":32,"column":4},"end":{"line":35,"column":5}},"type":"if","locations":[{"start":{"line":32,"column":4},"end":{"line":35,"column":5}}]},"1":{"loc":{"start":{"line":32,"column":8},"end":{"line":32,"column":40}},"type":"binary-expr","locations":[{"start":{"line":32,"column":8},"end":{"line":32,"column":17}},{"start":{"line":32,"column":21},"end":{"line":32,"column":27}},{"start":{"line":32,"column":31},"end":{"line":32,"column":40}}]},"2":{"loc":{"start":{"line":42,"column":14},"end":{"line":42,"column":49}},"type":"cond-expr","locations":[{"start":{"line":42,"column":33},"end":{"line":42,"column":40}},{"start":{"line":42,"column":43},"end":{"line":42,"column":49}}]},"3":{"loc":{"start":{"line":48,"column":4},"end":{"line":51,"column":5}},"type":"if","locations":[{"start":{"line":48,"column":4},"end":{"line":51,"column":5}}]},"4":{"loc":{"start":{"line":65,"column":4},"end":{"line":65,"column":60}},"type":"if","locations":[{"start":{"line":65,"column":4},"end":{"line":65,"column":60}}]},"5":{"loc":{"start":{"line":66,"column":4},"end":{"line":66,"column":51}},"type":"if","locations":[{"start":{"line":66,"column":4},"end":{"line":66,"column":51}}]},"6":{"loc":{"start":{"line":67,"column":4},"end":{"line":67,"column":65}},"type":"if","locations":[{"start":{"line":67,"column":4},"end":{"line":67,"column":65}}]},"7":{"loc":{"start":{"line":67,"column":8},"end":{"line":67,"column":43}},"type":"binary-expr","locations":[{"start":{"line":67,"column":8},"end":{"line":67,"column":24}},{"start":{"line":67,"column":28},"end":{"line":67,"column":43}}]},"8":{"loc":{"start":{"line":76,"column":4},"end":{"line":79,"column":5}},"type":"if","locations":[{"start":{"line":76,"column":4},"end":{"line":79,"column":5}}]},"9":{"loc":{"start":{"line":90,"column":4},"end":{"line":93,"column":5}},"type":"if","locations":[{"start":{"line":90,"column":4},"end":{"line":93,"column":5}}]},"10":{"loc":{"start":{"line":122,"column":4},"end":{"line":125,"column":5}},"type":"if","locations":[{"start":{"line":122,"column":4},"end":{"line":125,"column":5}}]},"11":{"loc":{"start":{"line":122,"column":8},"end":{"line":122,"column":103}},"type":"binary-expr","locations":[{"start":{"line":122,"column":8},"end":{"line":122,"column":14}},{"start":{"line":122,"column":18},"end":{"line":122,"column":24}},{"start":{"line":122,"column":28},"end":{"line":122,"column":47}},{"start":{"line":122,"column":51},"end":{"line":122,"column":63}},{"start":{"line":122,"column":67},"end":{"line":122,"column":73}},{"start":{"line":122,"column":77},"end":{"line":122,"column":89}},{"start":{"line":122,"column":93},"end":{"line":122,"column":103}}]},"12":{"loc":{"start":{"line":127,"column":65},"end":{"line":127,"column":76}},"type":"binary-expr","locations":[{"start":{"line":127,"column":65},"end":{"line":127,"column":71}},{"start":{"line":127,"column":75},"end":{"line":127,"column":76}}]},"13":{"loc":{"start":{"line":145,"column":4},"end":{"line":145,"column":51}},"type":"if","locations":[{"start":{"line":145,"column":4},"end":{"line":145,"column":51}}]},"14":{"loc":{"start":{"line":146,"column":4},"end":{"line":146,"column":51}},"type":"if","locations":[{"start":{"line":146,"column":4},"end":{"line":146,"column":51}}]},"15":{"loc":{"start":{"line":147,"column":4},"end":{"line":147,"column":59}},"type":"if","locations":[{"start":{"line":147,"column":4},"end":{"line":147,"column":59}}]},"16":{"loc":{"start":{"line":148,"column":4},"end":{"line":148,"column":62}},"type":"if","locations":[{"start":{"line":148,"column":4},"end":{"line":148,"column":62}}]},"17":{"loc":{"start":{"line":149,"column":4},"end":{"line":149,"column":69}},"type":"if","locations":[{"start":{"line":149,"column":4},"end":{"line":149,"column":69}}]},"18":{"loc":{"start":{"line":150,"column":4},"end":{"line":150,"column":51}},"type":"if","locations":[{"start":{"line":150,"column":4},"end":{"line":150,"column":51}}]},"19":{"loc":{"start":{"line":151,"column":4},"end":{"line":151,"column":69}},"type":"if","locations":[{"start":{"line":151,"column":4},"end":{"line":151,"column":69}}]},"20":{"loc":{"start":{"line":152,"column":4},"end":{"line":152,"column":63}},"type":"if","locations":[{"start":{"line":152,"column":4},"end":{"line":152,"column":63}}]}},"s":{"0":5,"1":5,"2":5,"3":5,"4":5,"5":5,"6":5,"7":5,"8":4,"9":4,"10":3,"11":1,"12":1,"13":5,"14":10,"15":10,"16":10,"17":4,"18":4,"19":6,"20":6,"21":4,"22":2,"23":1,"24":1,"25":1,"26":1,"27":5,"28":6,"29":6,"30":6,"31":6,"32":6,"33":3,"34":6,"35":2,"36":6,"37":1,"38":6,"39":5,"40":1,"41":1,"42":1,"43":0,"44":0,"45":5,"46":3,"47":3,"48":3,"49":1,"50":1,"51":2,"52":1,"53":1,"54":1,"55":5,"56":4,"57":4,"58":3,"59":1,"60":1,"61":5,"62":12,"63":12,"64":12,"65":7,"66":7,"67":5,"68":4,"69":1,"70":1,"71":5,"72":6,"73":6,"74":6,"75":6,"76":6,"77":4,"78":6,"79":0,"80":6,"81":2,"82":6,"83":0,"84":6,"85":0,"86":6,"87":1,"88":6,"89":0,"90":6,"91":0,"92":6,"93":5,"94":1,"95":1,"96":5,"97":4,"98":4,"99":4,"100":3,"101":1,"102":1,"103":5},"f":{"0":4,"1":10,"2":6,"3":3,"4":4,"5":12,"6":6,"7":4},"b":{"0":[4],"1":[10,8,7],"2":[1,5],"3":[1],"4":[3],"5":[2],"6":[1],"7":[6,5],"8":[1],"9":[1],"10":[7],"11":[12,10,9,9,8,7,6],"12":[5,4],"13":[4],"14":[0],"15":[2],"16":[0],"17":[0],"18":[1],"19":[0],"20":[0]}}
,"/home/foxy/work/game-store/backend/src/routes/auth.ts": {"path":"/home/foxy/work/game-store/backend/src/routes/auth.ts","statementMap":{"0":{"start":{"line":1,"column":0},"end":{"line":1,"column":52}},"1":{"start":{"line":2,"column":0},"end":{"line":2,"column":30}},"2":{"start":{"line":3,"column":0},"end":{"line":3,"column":31}},"3":{"start":{"line":4,"column":0},"end":{"line":4,"column":38}},"4":{"start":{"line":6,"column":15},"end":{"line":6,"column":23}},"5":{"start":{"line":8,"column":22},"end":{"line":11,"column":1}},"6":{"start":{"line":9,"column":17},"end":{"line":9,"column":60}},"7":{"start":{"line":10,"column":2},"end":{"line":10,"column":65}},"8":{"start":{"line":14,"column":0},"end":{"line":66,"column":3}},"9":{"start":{"line":15,"column":2},"end":{"line":65,"column":3}},"10":{"start":{"line":16,"column":42},"end":{"line":16,"column":50}},"11":{"start":{"line":19,"column":4},"end":{"line":22,"column":5}},"12":{"start":{"line":20,"column":6},"end":{"line":20,"column":65}},"13":{"start":{"line":21,"column":6},"end":{"line":21,"column":13}},"14":{"start":{"line":24,"column":23},"end":{"line":24,"column":51}},"15":{"start":{"line":25,"column":4},"end":{"line":28,"column":5}},"16":{"start":{"line":26,"column":6},"end":{"line":26,"column":62}},"17":{"start":{"line":27,"column":6},"end":{"line":27,"column":13}},"18":{"start":{"line":30,"column":4},"end":{"line":33,"column":5}},"19":{"start":{"line":31,"column":6},"end":{"line":31,"column":80}},"20":{"start":{"line":32,"column":6},"end":{"line":32,"column":13}},"21":{"start":{"line":35,"column":27},"end":{"line":35,"column":58}},"22":{"start":{"line":37,"column":17},"end":{"line":43,"column":6}},"23":{"start":{"line":45,"column":18},"end":{"line":45,"column":51}},"24":{"start":{"line":47,"column":4},"end":{"line":57,"column":7}},"25":{"start":{"line":59,"column":4},"end":{"line":62,"column":5}},"26":{"start":{"line":60,"column":6},"end":{"line":60,"column":74}},"27":{"start":{"line":61,"column":6},"end":{"line":61,"column":13}},"28":{"start":{"line":63,"column":4},"end":{"line":63,"column":25}},"29":{"start":{"line":64,"column":4},"end":{"line":64,"column":61}},"30":{"start":{"line":69,"column":0},"end":{"line":112,"column":3}},"31":{"start":{"line":70,"column":2},"end":{"line":111,"column":3}},"32":{"start":{"line":71,"column":32},"end":{"line":71,"column":40}},"33":{"start":{"line":73,"column":4},"end":{"line":76,"column":5}},"34":{"start":{"line":74,"column":6},"end":{"line":74,"column":73}},"35":{"start":{"line":75,"column":6},"end":{"line":75,"column":13}},"36":{"start":{"line":78,"column":17},"end":{"line":82,"column":6}},"37":{"start":{"line":84,"column":4},"end":{"line":87,"column":5}},"38":{"start":{"line":85,"column":6},"end":{"line":85,"column":61}},"39":{"start":{"line":86,"column":6},"end":{"line":86,"column":13}},"40":{"start":{"line":89,"column":28},"end":{"line":89,"column":73}},"41":{"start":{"line":90,"column":4},"end":{"line":93,"column":5}},"42":{"start":{"line":91,"column":6},"end":{"line":91,"column":61}},"43":{"start":{"line":92,"column":6},"end":{"line":92,"column":13}},"44":{"start":{"line":95,"column":18},"end":{"line":95,"column":51}},"45":{"start":{"line":97,"column":4},"end":{"line":107,"column":7}},"46":{"start":{"line":109,"column":4},"end":{"line":109,"column":25}},"47":{"start":{"line":110,"column":4},"end":{"line":110,"column":61}},"48":{"start":{"line":114,"column":0},"end":{"line":114,"column":22}}},"fnMap":{"0":{"name":"(anonymous_1)","decl":{"start":{"line":8,"column":22},"end":{"line":8,"column":23}},"loc":{"start":{"line":8,"column":63},"end":{"line":11,"column":1}}},"1":{"name":"(anonymous_2)","decl":{"start":{"line":14,"column":25},"end":{"line":14,"column":30}},"loc":{"start":{"line":14,"column":63},"end":{"line":66,"column":1}}},"2":{"name":"(anonymous_3)","decl":{"start":{"line":69,"column":22},"end":{"line":69,"column":27}},"loc":{"start":{"line":69,"column":60},"end":{"line":112,"column":1}}}},"branchMap":{"0":{"loc":{"start":{"line":9,"column":17},"end":{"line":9,"column":60}},"type":"binary-expr","locations":[{"start":{"line":9,"column":17},"end":{"line":9,"column":39}},{"start":{"line":9,"column":43},"end":{"line":9,"column":60}}]},"1":{"loc":{"start":{"line":19,"column":4},"end":{"line":22,"column":5}},"type":"if","locations":[{"start":{"line":19,"column":4},"end":{"line":22,"column":5}}]},"2":{"loc":{"start":{"line":19,"column":8},"end":{"line":19,"column":40}},"type":"binary-expr","locations":[{"start":{"line":19,"column":8},"end":{"line":19,"column":17}},{"start":{"line":19,"column":21},"end":{"line":19,"column":27}},{"start":{"line":19,"column":31},"end":{"line":19,"column":40}}]},"3":{"loc":{"start":{"line":25,"column":4},"end":{"line":28,"column":5}},"type":"if","locations":[{"start":{"line":25,"column":4},"end":{"line":28,"column":5}}]},"4":{"loc":{"start":{"line":30,"column":4},"end":{"line":33,"column":5}},"type":"if","locations":[{"start":{"line":30,"column":4},"end":{"line":33,"column":5}}]},"5":{"loc":{"start":{"line":54,"column":16},"end":{"line":54,"column":35}},"type":"binary-expr","locations":[{"start":{"line":54,"column":16},"end":{"line":54,"column":27}},{"start":{"line":54,"column":31},"end":{"line":54,"column":35}}]},"6":{"loc":{"start":{"line":59,"column":4},"end":{"line":62,"column":5}},"type":"if","locations":[{"start":{"line":59,"column":4},"end":{"line":62,"column":5}}]},"7":{"loc":{"start":{"line":73,"column":4},"end":{"line":76,"column":5}},"type":"if","locations":[{"start":{"line":73,"column":4},"end":{"line":76,"column":5}}]},"8":{"loc":{"start":{"line":73,"column":8},"end":{"line":73,"column":27}},"type":"binary-expr","locations":[{"start":{"line":73,"column":8},"end":{"line":73,"column":14}},{"start":{"line":73,"column":18},"end":{"line":73,"column":27}}]},"9":{"loc":{"start":{"line":84,"column":4},"end":{"line":87,"column":5}},"type":"if","locations":[{"start":{"line":84,"column":4},"end":{"line":87,"column":5}}]},"10":{"loc":{"start":{"line":90,"column":4},"end":{"line":93,"column":5}},"type":"if","locations":[{"start":{"line":90,"column":4},"end":{"line":93,"column":5}}]},"11":{"loc":{"start":{"line":104,"column":16},"end":{"line":104,"column":35}},"type":"binary-expr","locations":[{"start":{"line":104,"column":16},"end":{"line":104,"column":27}},{"start":{"line":104,"column":31},"end":{"line":104,"column":35}}]}},"s":{"0":5,"1":5,"2":5,"3":5,"4":5,"5":5,"6":5,"7":5,"8":5,"9":10,"10":10,"11":10,"12":4,"13":4,"14":6,"15":6,"16":1,"17":1,"18":5,"19":1,"20":1,"21":4,"22":4,"23":2,"24":2,"25":2,"26":1,"27":1,"28":1,"29":1,"30":5,"31":9,"32":9,"33":9,"34":3,"35":3,"36":6,"37":5,"38":1,"39":1,"40":4,"41":4,"42":1,"43":1,"44":3,"45":3,"46":1,"47":1,"48":5},"f":{"0":5,"1":10,"2":9},"b":{"0":[5,5],"1":[4],"2":[10,8,7],"3":[1],"4":[1],"5":[2,2],"6":[1],"7":[3],"8":[9,7],"9":[1],"10":[1],"11":[3,3]}}
,"/home/foxy/work/game-store/backend/src/routes/games.ts": {"path":"/home/foxy/work/game-store/backend/src/routes/games.ts","statementMap":{"0":{"start":{"line":1,"column":0},"end":{"line":1,"column":52}},"1":{"start":{"line":2,"column":0},"end":{"line":2,"column":38}},"2":{"start":{"line":4,"column":15},"end":{"line":4,"column":23}},"3":{"start":{"line":7,"column":0},"end":{"line":53,"column":3}},"4":{"start":{"line":8,"column":2},"end":{"line":52,"column":3}},"5":{"start":{"line":14,"column":8},"end":{"line":14,"column":43}},"6":{"start":{"line":16,"column":20},"end":{"line":16,"column":56}},"7":{"start":{"line":17,"column":21},"end":{"line":17,"column":74}},"8":{"start":{"line":18,"column":17},"end":{"line":18,"column":41}},"9":{"start":{"line":20,"column":43},"end":{"line":20,"column":45}},"10":{"start":{"line":22,"column":4},"end":{"line":24,"column":5}},"11":{"start":{"line":23,"column":6},"end":{"line":23,"column":62}},"12":{"start":{"line":26,"column":4},"end":{"line":28,"column":5}},"13":{"start":{"line":27,"column":6},"end":{"line":27,"column":59}},"14":{"start":{"line":30,"column":27},"end":{"line":38,"column":6}},"15":{"start":{"line":40,"column":23},"end":{"line":40,"column":50}},"16":{"start":{"line":42,"column":4},"end":{"line":48,"column":7}},"17":{"start":{"line":50,"column":4},"end":{"line":50,"column":25}},"18":{"start":{"line":51,"column":4},"end":{"line":51,"column":61}},"19":{"start":{"line":56,"column":0},"end":{"line":68,"column":3}},"20":{"start":{"line":57,"column":2},"end":{"line":67,"column":3}},"21":{"start":{"line":58,"column":17},"end":{"line":62,"column":6}},"22":{"start":{"line":63,"column":4},"end":{"line":63,"column":39}},"23":{"start":{"line":63,"column":29},"end":{"line":63,"column":36}},"24":{"start":{"line":65,"column":4},"end":{"line":65,"column":25}},"25":{"start":{"line":66,"column":4},"end":{"line":66,"column":61}},"26":{"start":{"line":71,"column":0},"end":{"line":94,"column":3}},"27":{"start":{"line":72,"column":2},"end":{"line":93,"column":3}},"28":{"start":{"line":73,"column":15},"end":{"line":73,"column":53}},"29":{"start":{"line":75,"column":4},"end":{"line":78,"column":5}},"30":{"start":{"line":76,"column":6},"end":{"line":76,"column":57}},"31":{"start":{"line":77,"column":6},"end":{"line":77,"column":13}},"32":{"start":{"line":80,"column":17},"end":{"line":82,"column":6}},"33":{"start":{"line":84,"column":4},"end":{"line":87,"column":5}},"34":{"start":{"line":85,"column":6},"end":{"line":85,"column":56}},"35":{"start":{"line":86,"column":6},"end":{"line":86,"column":13}},"36":{"start":{"line":89,"column":4},"end":{"line":89,"column":19}},"37":{"start":{"line":91,"column":4},"end":{"line":91,"column":25}},"38":{"start":{"line":92,"column":4},"end":{"line":92,"column":61}},"39":{"start":{"line":96,"column":0},"end":{"line":96,"column":22}}},"fnMap":{"0":{"name":"(anonymous_1)","decl":{"start":{"line":7,"column":16},"end":{"line":7,"column":21}},"loc":{"start":{"line":7,"column":54},"end":{"line":53,"column":1}}},"1":{"name":"(anonymous_2)","decl":{"start":{"line":56,"column":22},"end":{"line":56,"column":27}},"loc":{"start":{"line":56,"column":61},"end":{"line":68,"column":1}}},"2":{"name":"(anonymous_3)","decl":{"start":{"line":63,"column":22},"end":{"line":63,"column":23}},"loc":{"start":{"line":63,"column":29},"end":{"line":63,"column":36}}},"3":{"name":"(anonymous_4)","decl":{"start":{"line":71,"column":19},"end":{"line":71,"column":24}},"loc":{"start":{"line":71,"column":57},"end":{"line":94,"column":1}}}},"branchMap":{"0":{"loc":{"start":{"line":12,"column":6},"end":{"line":12,"column":16}},"type":"default-arg","locations":[{"start":{"line":12,"column":13},"end":{"line":12,"column":16}}]},"1":{"loc":{"start":{"line":13,"column":6},"end":{"line":13,"column":18}},"type":"default-arg","locations":[{"start":{"line":13,"column":14},"end":{"line":13,"column":18}}]},"2":{"loc":{"start":{"line":16,"column":32},"end":{"line":16,"column":55}},"type":"binary-expr","locations":[{"start":{"line":16,"column":32},"end":{"line":16,"column":50}},{"start":{"line":16,"column":54},"end":{"line":16,"column":55}}]},"3":{"loc":{"start":{"line":17,"column":47},"end":{"line":17,"column":72}},"type":"binary-expr","locations":[{"start":{"line":17,"column":47},"end":{"line":17,"column":66}},{"start":{"line":17,"column":70},"end":{"line":17,"column":72}}]},"4":{"loc":{"start":{"line":22,"column":4},"end":{"line":24,"column":5}},"type":"if","locations":[{"start":{"line":22,"column":4},"end":{"line":24,"column":5}}]},"5":{"loc":{"start":{"line":26,"column":4},"end":{"line":28,"column":5}},"type":"if","locations":[{"start":{"line":26,"column":4},"end":{"line":28,"column":5}}]},"6":{"loc":{"start":{"line":75,"column":4},"end":{"line":78,"column":5}},"type":"if","locations":[{"start":{"line":75,"column":4},"end":{"line":78,"column":5}}]},"7":{"loc":{"start":{"line":84,"column":4},"end":{"line":87,"column":5}},"type":"if","locations":[{"start":{"line":84,"column":4},"end":{"line":87,"column":5}}]}},"s":{"0":5,"1":5,"2":5,"3":5,"4":9,"5":9,"6":9,"7":9,"8":9,"9":9,"10":9,"11":2,"12":9,"13":2,"14":9,"15":9,"16":9,"17":0,"18":0,"19":5,"20":4,"21":4,"22":4,"23":4,"24":0,"25":0,"26":5,"27":5,"28":5,"29":5,"30":1,"31":1,"32":4,"33":4,"34":2,"35":2,"36":2,"37":0,"38":0,"39":5},"f":{"0":9,"1":4,"2":4,"3":5},"b":{"0":[7],"1":[6],"2":[9,0],"3":[9,0],"4":[2],"5":[2],"6":[1],"7":[2]}}
,"/home/foxy/work/game-store/backend/src/routes/orders.ts": {"path":"/home/foxy/work/game-store/backend/src/routes/orders.ts","statementMap":{"0":{"start":{"line":1,"column":0},"end":{"line":1,"column":52}},"1":{"start":{"line":2,"column":0},"end":{"line":2,"column":38}},"2":{"start":{"line":3,"column":0},"end":{"line":3,"column":50}},"3":{"start":{"line":5,"column":15},"end":{"line":5,"column":23}},"4":{"start":{"line":7,"column":0},"end":{"line":7,"column":25}},"5":{"start":{"line":9,"column":0},"end":{"line":70,"column":3}},"6":{"start":{"line":10,"column":2},"end":{"line":69,"column":3}},"7":{"start":{"line":11,"column":22},"end":{"line":11,"column":88}},"8":{"start":{"line":13,"column":4},"end":{"line":16,"column":5}},"9":{"start":{"line":14,"column":6},"end":{"line":14,"column":73}},"10":{"start":{"line":15,"column":6},"end":{"line":15,"column":13}},"11":{"start":{"line":18,"column":4},"end":{"line":23,"column":5}},"12":{"start":{"line":19,"column":6},"end":{"line":22,"column":7}},"13":{"start":{"line":20,"column":8},"end":{"line":20,"column":96}},"14":{"start":{"line":21,"column":8},"end":{"line":21,"column":15}},"15":{"start":{"line":25,"column":87},"end":{"line":25,"column":89}},"16":{"start":{"line":27,"column":4},"end":{"line":42,"column":5}},"17":{"start":{"line":28,"column":19},"end":{"line":30,"column":8}},"18":{"start":{"line":32,"column":6},"end":{"line":35,"column":7}},"19":{"start":{"line":33,"column":8},"end":{"line":33,"column":81}},"20":{"start":{"line":34,"column":8},"end":{"line":34,"column":15}},"21":{"start":{"line":37,"column":6},"end":{"line":41,"column":9}},"22":{"start":{"line":44,"column":18},"end":{"line":44,"column":91}},"23":{"start":{"line":44,"column":55},"end":{"line":44,"column":87}},"24":{"start":{"line":46,"column":18},"end":{"line":63,"column":6}},"25":{"start":{"line":51,"column":46},"end":{"line":55,"column":12}},"26":{"start":{"line":65,"column":4},"end":{"line":65,"column":32}},"27":{"start":{"line":67,"column":4},"end":{"line":67,"column":25}},"28":{"start":{"line":68,"column":4},"end":{"line":68,"column":61}},"29":{"start":{"line":72,"column":0},"end":{"line":72,"column":22}}},"fnMap":{"0":{"name":"(anonymous_1)","decl":{"start":{"line":9,"column":17},"end":{"line":9,"column":22}},"loc":{"start":{"line":9,"column":55},"end":{"line":70,"column":1}}},"1":{"name":"(anonymous_2)","decl":{"start":{"line":44,"column":40},"end":{"line":44,"column":41}},"loc":{"start":{"line":44,"column":55},"end":{"line":44,"column":87}}},"2":{"name":"(anonymous_3)","decl":{"start":{"line":51,"column":37},"end":{"line":51,"column":41}},"loc":{"start":{"line":51,"column":46},"end":{"line":55,"column":12}}}},"branchMap":{"0":{"loc":{"start":{"line":13,"column":4},"end":{"line":16,"column":5}},"type":"if","locations":[{"start":{"line":13,"column":4},"end":{"line":16,"column":5}}]},"1":{"loc":{"start":{"line":13,"column":8},"end":{"line":13,"column":51}},"type":"binary-expr","locations":[{"start":{"line":13,"column":8},"end":{"line":13,"column":29}},{"start":{"line":13,"column":33},"end":{"line":13,"column":51}}]},"2":{"loc":{"start":{"line":19,"column":6},"end":{"line":22,"column":7}},"type":"if","locations":[{"start":{"line":19,"column":6},"end":{"line":22,"column":7}}]},"3":{"loc":{"start":{"line":19,"column":10},"end":{"line":19,"column":99}},"type":"binary-expr","locations":[{"start":{"line":19,"column":10},"end":{"line":19,"column":41}},{"start":{"line":19,"column":45},"end":{"line":19,"column":78}},{"start":{"line":19,"column":82},"end":{"line":19,"column":99}}]},"4":{"loc":{"start":{"line":32,"column":6},"end":{"line":35,"column":7}},"type":"if","locations":[{"start":{"line":32,"column":6},"end":{"line":35,"column":7}}]}},"s":{"0":5,"1":5,"2":5,"3":5,"4":5,"5":5,"6":18,"7":18,"8":18,"9":4,"10":4,"11":14,"12":16,"13":4,"14":4,"15":10,"16":10,"17":12,"18":11,"19":2,"20":2,"21":9,"22":7,"23":8,"24":7,"25":8,"26":6,"27":2,"28":2,"29":5},"f":{"0":18,"1":8,"2":8},"b":{"0":[4],"1":[18,15],"2":[4],"3":[16,14,14],"4":[2]}}
,"/home/foxy/work/game-store/backend/src/routes/users.ts": {"path":"/home/foxy/work/game-store/backend/src/routes/users.ts","statementMap":{"0":{"start":{"line":1,"column":0},"end":{"line":1,"column":52}},"1":{"start":{"line":2,"column":0},"end":{"line":2,"column":28}},"2":{"start":{"line":3,"column":0},"end":{"line":3,"column":24}},"3":{"start":{"line":4,"column":0},"end":{"line":4,"column":38}},"4":{"start":{"line":5,"column":0},"end":{"line":5,"column":50}},"5":{"start":{"line":7,"column":16},"end":{"line":14,"column":2}},"6":{"start":{"line":9,"column":4},"end":{"line":9,"column":49}},"7":{"start":{"line":11,"column":16},"end":{"line":11,"column":47}},"8":{"start":{"line":12,"column":4},"end":{"line":12,"column":43}},"9":{"start":{"line":16,"column":15},"end":{"line":22,"column":2}},"10":{"start":{"line":20,"column":4},"end":{"line":20,"column":49}},"11":{"start":{"line":24,"column":15},"end":{"line":24,"column":23}},"12":{"start":{"line":26,"column":0},"end":{"line":26,"column":25}},"13":{"start":{"line":29,"column":0},"end":{"line":64,"column":3}},"14":{"start":{"line":30,"column":2},"end":{"line":63,"column":3}},"15":{"start":{"line":31,"column":17},"end":{"line":42,"column":6}},"16":{"start":{"line":44,"column":4},"end":{"line":47,"column":5}},"17":{"start":{"line":45,"column":6},"end":{"line":45,"column":56}},"18":{"start":{"line":46,"column":6},"end":{"line":46,"column":13}},"19":{"start":{"line":49,"column":19},"end":{"line":52,"column":6}},"20":{"start":{"line":54,"column":23},"end":{"line":56,"column":10}},"21":{"start":{"line":55,"column":28},"end":{"line":55,"column":56}},"22":{"start":{"line":55,"column":47},"end":{"line":55,"column":55}},"23":{"start":{"line":57,"column":24},"end":{"line":57,"column":37}},"24":{"start":{"line":59,"column":4},"end":{"line":59,"column":51}},"25":{"start":{"line":61,"column":4},"end":{"line":61,"column":25}},"26":{"start":{"line":62,"column":4},"end":{"line":62,"column":61}},"27":{"start":{"line":67,"column":0},"end":{"line":101,"column":3}},"28":{"start":{"line":68,"column":2},"end":{"line":100,"column":3}},"29":{"start":{"line":69,"column":32},"end":{"line":69,"column":null}},"30":{"start":{"line":74,"column":56},"end":{"line":74,"column":58}},"31":{"start":{"line":75,"column":4},"end":{"line":75,"column":57}},"32":{"start":{"line":75,"column":32},"end":{"line":75,"column":57}},"33":{"start":{"line":76,"column":4},"end":{"line":76,"column":48}},"34":{"start":{"line":76,"column":29},"end":{"line":76,"column":48}},"35":{"start":{"line":78,"column":17},"end":{"line":90,"column":6}},"36":{"start":{"line":92,"column":4},"end":{"line":92,"column":19}},"37":{"start":{"line":94,"column":4},"end":{"line":97,"column":5}},"38":{"start":{"line":95,"column":6},"end":{"line":95,"column":73}},"39":{"start":{"line":96,"column":6},"end":{"line":96,"column":13}},"40":{"start":{"line":98,"column":4},"end":{"line":98,"column":25}},"41":{"start":{"line":99,"column":4},"end":{"line":99,"column":61}},"42":{"start":{"line":104,"column":0},"end":{"line":125,"column":2}},"43":{"start":{"line":108,"column":4},"end":{"line":123,"column":5}},"44":{"start":{"line":109,"column":6},"end":{"line":112,"column":7}},"45":{"start":{"line":110,"column":8},"end":{"line":110,"column":60}},"46":{"start":{"line":111,"column":8},"end":{"line":111,"column":15}},"47":{"start":{"line":113,"column":24},"end":{"line":113,"column":59}},"48":{"start":{"line":114,"column":19},"end":{"line":118,"column":8}},"49":{"start":{"line":119,"column":6},"end":{"line":119,"column":43}},"50":{"start":{"line":121,"column":6},"end":{"line":121,"column":27}},"51":{"start":{"line":122,"column":6},"end":{"line":122,"column":63}},"52":{"start":{"line":128,"column":0},"end":{"line":145,"column":3}},"53":{"start":{"line":129,"column":2},"end":{"line":144,"column":3}},"54":{"start":{"line":130,"column":19},"end":{"line":138,"column":6}},"55":{"start":{"line":140,"column":4},"end":{"line":140,"column":21}},"56":{"start":{"line":142,"column":4},"end":{"line":142,"column":25}},"57":{"start":{"line":143,"column":4},"end":{"line":143,"column":61}},"58":{"start":{"line":147,"column":0},"end":{"line":147,"column":22}}},"fnMap":{"0":{"name":"(anonymous_1)","decl":{"start":{"line":8,"column":15},"end":{"line":8,"column":16}},"loc":{"start":{"line":9,"column":4},"end":{"line":9,"column":49}}},"1":{"name":"(anonymous_2)","decl":{"start":{"line":10,"column":12},"end":{"line":10,"column":13}},"loc":{"start":{"line":10,"column":31},"end":{"line":13,"column":3}}},"2":{"name":"(anonymous_3)","decl":{"start":{"line":19,"column":14},"end":{"line":19,"column":15}},"loc":{"start":{"line":19,"column":33},"end":{"line":21,"column":3}}},"3":{"name":"(anonymous_4)","decl":{"start":{"line":29,"column":18},"end":{"line":29,"column":23}},"loc":{"start":{"line":29,"column":56},"end":{"line":64,"column":1}}},"4":{"name":"(anonymous_5)","decl":{"start":{"line":55,"column":21},"end":{"line":55,"column":22}},"loc":{"start":{"line":55,"column":28},"end":{"line":55,"column":56}}},"5":{"name":"(anonymous_6)","decl":{"start":{"line":55,"column":40},"end":{"line":55,"column":41}},"loc":{"start":{"line":55,"column":47},"end":{"line":55,"column":55}}},"6":{"name":"(anonymous_7)","decl":{"start":{"line":67,"column":18},"end":{"line":67,"column":23}},"loc":{"start":{"line":67,"column":56},"end":{"line":101,"column":1}}},"7":{"name":"(anonymous_8)","decl":{"start":{"line":107,"column":2},"end":{"line":107,"column":7}},"loc":{"start":{"line":107,"column":40},"end":{"line":124,"column":3}}},"8":{"name":"(anonymous_9)","decl":{"start":{"line":128,"column":25},"end":{"line":128,"column":30}},"loc":{"start":{"line":128,"column":63},"end":{"line":145,"column":1}}}},"branchMap":{"0":{"loc":{"start":{"line":44,"column":4},"end":{"line":47,"column":5}},"type":"if","locations":[{"start":{"line":44,"column":4},"end":{"line":47,"column":5}}]},"1":{"loc":{"start":{"line":75,"column":4},"end":{"line":75,"column":57}},"type":"if","locations":[{"start":{"line":75,"column":4},"end":{"line":75,"column":57}}]},"2":{"loc":{"start":{"line":76,"column":4},"end":{"line":76,"column":48}},"type":"if","locations":[{"start":{"line":76,"column":4},"end":{"line":76,"column":48}}]},"3":{"loc":{"start":{"line":94,"column":4},"end":{"line":97,"column":5}},"type":"if","locations":[{"start":{"line":94,"column":4},"end":{"line":97,"column":5}}]},"4":{"loc":{"start":{"line":109,"column":6},"end":{"line":112,"column":7}},"type":"if","locations":[{"start":{"line":109,"column":6},"end":{"line":112,"column":7}}]}},"s":{"0":5,"1":5,"2":5,"3":5,"4":5,"5":5,"6":0,"7":0,"8":0,"9":5,"10":0,"11":5,"12":5,"13":5,"14":8,"15":8,"16":8,"17":1,"18":1,"19":7,"20":7,"21":4,"22":5,"23":7,"24":7,"25":0,"26":0,"27":5,"28":7,"29":7,"30":7,"31":7,"32":6,"33":7,"34":2,"35":7,"36":5,"37":2,"38":1,"39":1,"40":1,"41":1,"42":5,"43":0,"44":0,"45":0,"46":0,"47":0,"48":0,"49":0,"50":0,"51":0,"52":5,"53":6,"54":6,"55":5,"56":1,"57":1,"58":5},"f":{"0":0,"1":0,"2":0,"3":8,"4":4,"5":5,"6":7,"7":0,"8":6},"b":{"0":[1],"1":[6],"2":[2],"3":[1],"4":[0]}}
}
