TN:
SF:src/app.ts
FN:41,(anonymous_1)
FN:46,(anonymous_2)
FN:52,(anonymous_3)
FNF:3
FNH:0
FNDA:0,(anonymous_1)
FNDA:0,(anonymous_2)
FNDA:0,(anonymous_3)
DA:1,5
DA:2,5
DA:3,5
DA:4,5
DA:5,5
DA:6,5
DA:7,5
DA:8,5
DA:9,5
DA:10,5
DA:12,5
DA:14,5
DA:17,5
DA:18,5
DA:19,0
DA:22,5
DA:28,5
DA:31,5
DA:34,5
DA:35,5
DA:36,5
DA:37,5
DA:38,5
DA:41,5
DA:42,0
DA:46,5
DA:47,0
DA:51,5
DA:58,0
DA:59,0
DA:63,5
LF:31
LH:26
BRDA:18,0,0,0
BRDA:24,1,0,5
BRDA:24,1,1,5
BRF:3
BRH:2
end_of_record
TN:
SF:src/__tests__/helpers.ts
FN:6,(anonymous_1)
FN:65,(anonymous_2)
FNF:2
FNH:1
FNDA:41,(anonymous_1)
FNDA:0,(anonymous_2)
DA:1,5
DA:3,5
DA:6,5
DA:7,41
DA:11,5
DA:22,5
DA:33,5
DA:47,5
DA:65,5
LF:9
LH:9
BRDA:6,0,0,38
BRF:1
BRH:1
end_of_record
TN:
SF:src/middleware/admin.ts
FN:3,(anonymous_0)
FNF:1
FNH:1
FNDA:56,(anonymous_0)
DA:3,6
DA:4,56
DA:5,6
DA:6,6
DA:8,50
LF:5
LH:5
BRDA:4,0,0,6
BRF:1
BRH:1
end_of_record
TN:
SF:src/middleware/auth.ts
FN:4,(anonymous_1)
FNF:1
FNH:1
FNDA:109,(anonymous_1)
DA:2,6
DA:4,6
DA:9,109
DA:10,109
DA:11,11
DA:12,11
DA:15,98
DA:16,98
DA:18,98
DA:19,98
DA:23,93
DA:24,93
DA:25,93
DA:27,5
LF:14
LH:14
BRDA:10,0,0,11
BRDA:10,1,0,109
BRDA:10,1,1,99
BRDA:16,2,0,98
BRDA:16,2,1,98
BRF:5
BRH:5
end_of_record
TN:
SF:src/routes/admin.ts
FN:13,(anonymous_1)
FN:27,(anonymous_2)
FN:58,(anonymous_3)
FN:86,(anonymous_4)
FN:105,(anonymous_5)
FN:116,(anonymous_6)
FN:137,(anonymous_7)
FN:163,(anonymous_8)
FNF:8
FNH:8
FNDA:4,(anonymous_1)
FNDA:10,(anonymous_2)
FNDA:6,(anonymous_3)
FNDA:3,(anonymous_4)
FNDA:4,(anonymous_5)
FNDA:12,(anonymous_6)
FNDA:6,(anonymous_7)
FNDA:4,(anonymous_8)
DA:1,5
DA:2,5
DA:3,5
DA:4,5
DA:5,5
DA:7,5
DA:8,5
DA:13,5
DA:14,4
DA:15,4
DA:19,3
DA:21,1
DA:22,1
DA:27,5
DA:28,10
DA:29,10
DA:32,10
DA:33,4
DA:34,4
DA:36,6
DA:37,6
DA:46,4
DA:48,2
DA:49,1
DA:50,1
DA:52,1
DA:53,1
DA:58,5
DA:59,6
DA:60,6
DA:61,6
DA:64,6
DA:65,6
DA:66,6
DA:67,6
DA:69,6
DA:74,5
DA:76,1
DA:77,1
DA:78,1
DA:80,0
DA:81,0
DA:86,5
DA:87,3
DA:88,3
DA:90,3
DA:91,1
DA:92,1
DA:94,2
DA:95,1
DA:97,1
DA:98,1
DA:105,5
DA:106,4
DA:107,4
DA:108,3
DA:110,1
DA:111,1
DA:116,5
DA:117,12
DA:118,12
DA:122,12
DA:123,7
DA:124,7
DA:126,5
DA:129,4
DA:131,1
DA:132,1
DA:137,5
DA:138,6
DA:139,6
DA:140,6
DA:144,6
DA:145,6
DA:146,6
DA:147,6
DA:148,6
DA:149,6
DA:150,6
DA:151,6
DA:152,6
DA:154,6
DA:155,5
DA:157,1
DA:158,1
DA:163,5
DA:164,4
DA:165,4
DA:166,4
DA:167,3
DA:169,1
DA:170,1
DA:174,5
LF:93
LH:91
BRDA:32,0,0,4
BRDA:32,1,0,10
BRDA:32,1,1,8
BRDA:32,1,2,7
BRDA:42,2,0,1
BRDA:42,2,1,5
BRDA:48,3,0,1
BRDA:65,4,0,3
BRDA:66,5,0,2
BRDA:67,6,0,1
BRDA:67,7,0,6
BRDA:67,7,1,5
BRDA:76,8,0,1
BRDA:90,9,0,1
BRDA:122,10,0,7
BRDA:122,11,0,12
BRDA:122,11,1,10
BRDA:122,11,2,9
BRDA:122,11,3,9
BRDA:122,11,4,8
BRDA:122,11,5,7
BRDA:122,11,6,6
BRDA:127,12,0,5
BRDA:127,12,1,4
BRDA:145,13,0,4
BRDA:146,14,0,0
BRDA:147,15,0,2
BRDA:148,16,0,0
BRDA:149,17,0,0
BRDA:150,18,0,1
BRDA:151,19,0,0
BRDA:152,20,0,0
BRF:32
BRH:27
end_of_record
TN:
SF:src/routes/auth.ts
FN:8,(anonymous_1)
FN:14,(anonymous_2)
FN:69,(anonymous_3)
FNF:3
FNH:3
FNDA:5,(anonymous_1)
FNDA:10,(anonymous_2)
FNDA:9,(anonymous_3)
DA:1,5
DA:2,5
DA:3,5
DA:4,5
DA:6,5
DA:8,5
DA:9,5
DA:10,5
DA:14,5
DA:15,10
DA:16,10
DA:19,10
DA:20,4
DA:21,4
DA:24,6
DA:25,6
DA:26,1
DA:27,1
DA:30,5
DA:31,1
DA:32,1
DA:35,4
DA:37,4
DA:45,2
DA:47,2
DA:59,2
DA:60,1
DA:61,1
DA:63,1
DA:64,1
DA:69,5
DA:70,9
DA:71,9
DA:73,9
DA:74,3
DA:75,3
DA:78,6
DA:84,5
DA:85,1
DA:86,1
DA:89,4
DA:90,4
DA:91,1
DA:92,1
DA:95,3
DA:97,3
DA:109,1
DA:110,1
DA:114,5
LF:49
LH:49
BRDA:9,0,0,5
BRDA:9,0,1,5
BRDA:19,1,0,4
BRDA:19,2,0,10
BRDA:19,2,1,8
BRDA:19,2,2,7
BRDA:25,3,0,1
BRDA:30,4,0,1
BRDA:54,5,0,2
BRDA:54,5,1,2
BRDA:59,6,0,1
BRDA:73,7,0,3
BRDA:73,8,0,9
BRDA:73,8,1,7
BRDA:84,9,0,1
BRDA:90,10,0,1
BRDA:104,11,0,3
BRDA:104,11,1,3
BRF:18
BRH:18
end_of_record
TN:
SF:src/routes/games.ts
FN:7,(anonymous_1)
FN:56,(anonymous_2)
FN:63,(anonymous_3)
FN:71,(anonymous_4)
FNF:4
FNH:4
FNDA:9,(anonymous_1)
FNDA:4,(anonymous_2)
FNDA:4,(anonymous_3)
FNDA:5,(anonymous_4)
DA:1,5
DA:2,5
DA:4,5
DA:7,5
DA:8,9
DA:14,9
DA:16,9
DA:17,9
DA:18,9
DA:20,9
DA:22,9
DA:23,2
DA:26,9
DA:27,2
DA:30,9
DA:40,9
DA:42,9
DA:50,0
DA:51,0
DA:56,5
DA:57,4
DA:58,4
DA:63,4
DA:65,0
DA:66,0
DA:71,5
DA:72,5
DA:73,5
DA:75,5
DA:76,1
DA:77,1
DA:80,4
DA:84,4
DA:85,2
DA:86,2
DA:89,2
DA:91,0
DA:92,0
DA:96,5
LF:39
LH:33
BRDA:12,0,0,7
BRDA:13,1,0,6
BRDA:16,2,0,9
BRDA:16,2,1,0
BRDA:17,3,0,9
BRDA:17,3,1,0
BRDA:22,4,0,2
BRDA:26,5,0,2
BRDA:75,6,0,1
BRDA:84,7,0,2
BRF:10
BRH:8
end_of_record
TN:
SF:src/routes/orders.ts
FN:9,(anonymous_1)
FN:44,(anonymous_2)
FN:51,(anonymous_3)
FNF:3
FNH:3
FNDA:18,(anonymous_1)
FNDA:8,(anonymous_2)
FNDA:8,(anonymous_3)
DA:1,5
DA:2,5
DA:3,5
DA:5,5
DA:7,5
DA:9,5
DA:10,18
DA:11,18
DA:13,18
DA:14,4
DA:15,4
DA:18,14
DA:19,16
DA:20,4
DA:21,4
DA:25,10
DA:27,10
DA:28,12
DA:32,11
DA:33,2
DA:34,2
DA:37,9
DA:44,8
DA:46,7
DA:51,8
DA:65,6
DA:67,2
DA:68,2
DA:72,5
LF:29
LH:29
BRDA:13,0,0,4
BRDA:13,1,0,18
BRDA:13,1,1,15
BRDA:19,2,0,4
BRDA:19,3,0,16
BRDA:19,3,1,14
BRDA:19,3,2,14
BRDA:32,4,0,2
BRF:8
BRH:8
end_of_record
TN:
SF:src/routes/users.ts
FN:8,(anonymous_1)
FN:10,(anonymous_2)
FN:19,(anonymous_3)
FN:29,(anonymous_4)
FN:55,(anonymous_5)
FN:55,(anonymous_6)
FN:67,(anonymous_7)
FN:107,(anonymous_8)
FN:128,(anonymous_9)
FNF:9
FNH:5
FNDA:0,(anonymous_1)
FNDA:0,(anonymous_2)
FNDA:0,(anonymous_3)
FNDA:8,(anonymous_4)
FNDA:4,(anonymous_5)
FNDA:5,(anonymous_6)
FNDA:7,(anonymous_7)
FNDA:0,(anonymous_8)
FNDA:6,(anonymous_9)
DA:1,5
DA:2,5
DA:3,5
DA:4,5
DA:5,5
DA:7,5
DA:9,0
DA:11,0
DA:12,0
DA:16,5
DA:20,0
DA:24,5
DA:26,5
DA:29,5
DA:30,8
DA:31,8
DA:44,8
DA:45,1
DA:46,1
DA:49,7
DA:54,7
DA:55,5
DA:57,7
DA:59,7
DA:61,0
DA:62,0
DA:67,5
DA:68,7
DA:69,7
DA:74,7
DA:75,7
DA:76,7
DA:78,7
DA:92,5
DA:94,2
DA:95,1
DA:96,1
DA:98,1
DA:99,1
DA:104,5
DA:108,0
DA:109,0
DA:110,0
DA:111,0
DA:113,0
DA:114,0
DA:119,0
DA:121,0
DA:122,0
DA:128,5
DA:129,6
DA:130,6
DA:140,5
DA:142,1
DA:143,1
DA:147,5
LF:56
LH:41
BRDA:44,0,0,1
BRDA:75,1,0,6
BRDA:76,2,0,2
BRDA:94,3,0,1
BRDA:109,4,0,0
BRF:5
BRH:4
end_of_record
